<?xml version="1.0" encoding="UTF-8"?>
<!-- Generated by org.testng.reporters.JUnitReportReporter -->
<testsuite hostname="RahulVerma" failures="0" tests="1" name="com.expedia.flightsbooking.TestNG_TestSuite" time="8.684" errors="0" timestamp="2020-02-02T09:41:55 EST" skipped="0">
  <testcase classname="com.expedia.flightsbooking.TestNG_TestSuite" name="fillBasicInfo" time="8.684"/>
</testsuite> <!-- com.expedia.flightsbooking.TestNG_TestSuite -->
